This is pdfTeX, Version 3.141592653-2.6-1.40.25 (TeX Live 2023) (preloaded format=pdflatex 2023.12.13)  11 NOV 2025 22:37
entering extended mode
 restricted \write18 enabled.
 file:line:error style messages enabled.
 %&-line parsing enabled.
**diploma-FRI-vzorec.tex
(./diploma-FRI-vzorec.tex
LaTeX2e <2023-11-01>
L3 programming layer <2023-12-11>
(/home/matjaz/latex/texmf-dist/tex/latex/base/book.cls
Document Class: book 2023/05/17 v1.4n Standard LaTeX document class
(/home/matjaz/latex/texmf-dist/tex/latex/base/bk12.clo
File: bk12.clo 2023/05/17 v1.4n Standard LaTeX file (size option)
)
\c@part=\count187
\c@chapter=\count188
\c@section=\count189
\c@subsection=\count190
\c@subsubsection=\count191
\c@paragraph=\count192
\c@subparagraph=\count193
\c@figure=\count194
\c@table=\count195
\abovecaptionskip=\skip48
\belowcaptionskip=\skip49
\bibindent=\dimen140
) (/home/matjaz/latex/texmf-dist/tex/latex/base/inputenc.sty
Package: inputenc 2021/02/14 v1.3d Input encoding file
\inpenc@prehook=\toks17
\inpenc@posthook=\toks18
) (/home/matjaz/latex/texmf-dist/tex/generic/babel/babel.sty
Package: babel 2023/12/10 v3.99 The Babel package
\babel@savecnt=\count196
\U@D=\dimen141
\l@unhyphenated=\language89
 (/home/matjaz/latex/texmf-dist/tex/generic/babel/txtbabel.def)
\bbl@readstream=\read2
\bbl@dirlevel=\count197
 (/home/matjaz/latex/texmf-dist/tex/generic/babel-slovenian/slovene.ldf
Language: slovene 2021/02/06 v1.2n Slovene support from the babel system
Package babel Info: Making " an active character on input line 79.
) (/home/matjaz/latex/texmf-dist/tex/generic/babel-english/english.ldf
Language: english 2017/06/06 v3.3r English support from the babel system
Package babel Info: Hyphen rules for 'canadian' set to \l@english
(babel)             (\language0). Reported on input line 102.
Package babel Info: Hyphen rules for 'australian' set to \l@ukenglish
(babel)             (\language23). Reported on input line 105.
Package babel Info: Hyphen rules for 'newzealand' set to \l@ukenglish
(babel)             (\language23). Reported on input line 108.
)) (/home/matjaz/latex/texmf-dist/tex/generic/babel/locale/en/babel-english.tex
Package babel Info: Importing font and identification data for english
(babel)             from babel-en.ini. Reported on input line 11.
) (/home/matjaz/latex/texmf-dist/tex/generic/babel/locale/sl/babel-slovene.tex
Package babel Info: Importing font and identification data for slovene
(babel)             from babel-sl.ini. Reported on input line 11.
) (/home/matjaz/latex/texmf-dist/tex/latex/graphics/graphicx.sty
Package: graphicx 2021/09/16 v1.2d Enhanced LaTeX Graphics (DPC,SPQR)
 (/home/matjaz/latex/texmf-dist/tex/latex/graphics/keyval.sty
Package: keyval 2022/05/29 v1.15 key=value parser (DPC)
\KV@toks@=\toks19
) (/home/matjaz/latex/texmf-dist/tex/latex/graphics/graphics.sty
Package: graphics 2022/03/10 v1.4e Standard LaTeX Graphics (DPC,SPQR)
 (/home/matjaz/latex/texmf-dist/tex/latex/graphics/trig.sty
Package: trig 2021/08/11 v1.11 sin cos tan (DPC)
) (/home/matjaz/latex/texmf-dist/tex/latex/graphics-cfg/graphics.cfg
File: graphics.cfg 2016/06/04 v1.11 sample graphics configuration
)
Package graphics Info: Driver file: pdftex.def on input line 107.
 (/home/matjaz/latex/texmf-dist/tex/latex/graphics-def/pdftex.def
File: pdftex.def 2022/09/22 v1.2b Graphics/color driver for pdftex
))
\Gin@req@height=\dimen142
\Gin@req@width=\dimen143
) (/home/matjaz/latex/texmf-dist/tex/latex/fancyhdr/fancyhdr.sty
Package: fancyhdr 2022/11/09 v4.1 Extensive control of page headers and footers
\f@nch@headwidth=\skip50
\f@nch@O@elh=\skip51
\f@nch@O@erh=\skip52
\f@nch@O@olh=\skip53
\f@nch@O@orh=\skip54
\f@nch@O@elf=\skip55
\f@nch@O@erf=\skip56
\f@nch@O@olf=\skip57
\f@nch@O@orf=\skip58
) (/home/matjaz/latex/texmf-dist/tex/latex/amsfonts/amssymb.sty
Package: amssymb 2013/01/14 v3.01 AMS font symbols
 (/home/matjaz/latex/texmf-dist/tex/latex/amsfonts/amsfonts.sty
Package: amsfonts 2013/01/14 v3.01 Basic AMSFonts support
\@emptytoks=\toks20
\symAMSa=\mathgroup4
\symAMSb=\mathgroup5
LaTeX Font Info:    Redeclaring math symbol \hbar on input line 98.
LaTeX Font Info:    Overwriting math alphabet `\mathfrak' in version `bold'
(Font)                  U/euf/m/n --> U/euf/b/n on input line 106.
)) (/home/matjaz/latex/texmf-dist/tex/latex/amsmath/amsmath.sty
Package: amsmath 2023/05/13 v2.17o AMS math features
\@mathmargin=\skip59

For additional information on amsmath, use the `?' option.
(/home/matjaz/latex/texmf-dist/tex/latex/amsmath/amstext.sty
Package: amstext 2021/08/26 v2.01 AMS text
 (/home/matjaz/latex/texmf-dist/tex/latex/amsmath/amsgen.sty
File: amsgen.sty 1999/11/30 v2.0 generic functions
\@emptytoks=\toks21
\ex@=\dimen144
)) (/home/matjaz/latex/texmf-dist/tex/latex/amsmath/amsbsy.sty
Package: amsbsy 1999/11/29 v1.2d Bold Symbols
\pmbraise@=\dimen145
) (/home/matjaz/latex/texmf-dist/tex/latex/amsmath/amsopn.sty
Package: amsopn 2022/04/08 v2.04 operator names
)
\inf@bad=\count198
LaTeX Info: Redefining \frac on input line 234.
\uproot@=\count199
\leftroot@=\count266
LaTeX Info: Redefining \overline on input line 399.
LaTeX Info: Redefining \colon on input line 410.
\classnum@=\count267
\DOTSCASE@=\count268
LaTeX Info: Redefining \ldots on input line 496.
LaTeX Info: Redefining \dots on input line 499.
LaTeX Info: Redefining \cdots on input line 620.
\Mathstrutbox@=\box51
\strutbox@=\box52
LaTeX Info: Redefining \big on input line 722.
LaTeX Info: Redefining \Big on input line 723.
LaTeX Info: Redefining \bigg on input line 724.
LaTeX Info: Redefining \Bigg on input line 725.
\big@size=\dimen146
LaTeX Font Info:    Redeclaring font encoding OML on input line 743.
LaTeX Font Info:    Redeclaring font encoding OMS on input line 744.
\macc@depth=\count269
LaTeX Info: Redefining \bmod on input line 905.
LaTeX Info: Redefining \pmod on input line 910.
LaTeX Info: Redefining \smash on input line 940.
LaTeX Info: Redefining \relbar on input line 970.
LaTeX Info: Redefining \Relbar on input line 971.
\c@MaxMatrixCols=\count270
\dotsspace@=\muskip16
\c@parentequation=\count271
\dspbrk@lvl=\count272
\tag@help=\toks22
\row@=\count273
\column@=\count274
\maxfields@=\count275
\andhelp@=\toks23
\eqnshift@=\dimen147
\alignsep@=\dimen148
\tagshift@=\dimen149
\tagwidth@=\dimen150
\totwidth@=\dimen151
\lineht@=\dimen152
\@envbody=\toks24
\multlinegap=\skip60
\multlinetaggap=\skip61
\mathdisplay@stack=\toks25
LaTeX Info: Redefining \[ on input line 2953.
LaTeX Info: Redefining \] on input line 2954.
) (/home/matjaz/latex/texmf-dist/tex/latex/hyperref/hyperref.sty
Package: hyperref 2023-11-26 v7.01g Hypertext links for LaTeX
 (/home/matjaz/latex/texmf-dist/tex/generic/iftex/iftex.sty
Package: iftex 2022/02/03 v1.0f TeX engine tests
) (/home/matjaz/latex/texmf-dist/tex/generic/infwarerr/infwarerr.sty
Package: infwarerr 2019/12/03 v1.5 Providing info/warning/error messages (HO)
) (/home/matjaz/latex/texmf-dist/tex/latex/kvsetkeys/kvsetkeys.sty
Package: kvsetkeys 2022-10-05 v1.19 Key value parser (HO)
) (/home/matjaz/latex/texmf-dist/tex/generic/kvdefinekeys/kvdefinekeys.sty
Package: kvdefinekeys 2019-12-19 v1.6 Define keys (HO)
) (/home/matjaz/latex/texmf-dist/tex/generic/pdfescape/pdfescape.sty
Package: pdfescape 2019/12/09 v1.15 Implements pdfTeX's escape features (HO)
 (/home/matjaz/latex/texmf-dist/tex/generic/ltxcmds/ltxcmds.sty
Package: ltxcmds 2023-12-04 v1.26 LaTeX kernel commands for general use (HO)
) (/home/matjaz/latex/texmf-dist/tex/generic/pdftexcmds/pdftexcmds.sty
Package: pdftexcmds 2020-06-27 v0.33 Utility functions of pdfTeX for LuaTeX (HO)
Package pdftexcmds Info: \pdf@primitive is available.
Package pdftexcmds Info: \pdf@ifprimitive is available.
Package pdftexcmds Info: \pdfdraftmode found.
)) (/home/matjaz/latex/texmf-dist/tex/latex/hycolor/hycolor.sty
Package: hycolor 2020-01-27 v1.10 Color options for hyperref/bookmark (HO)
) (/home/matjaz/latex/texmf-dist/tex/latex/letltxmacro/letltxmacro.sty
Package: letltxmacro 2019/12/03 v1.6 Let assignment for LaTeX macros (HO)
) (/home/matjaz/latex/texmf-dist/tex/latex/auxhook/auxhook.sty
Package: auxhook 2019-12-17 v1.6 Hooks for auxiliary files (HO)
) (/home/matjaz/latex/texmf-dist/tex/latex/hyperref/nameref.sty
Package: nameref 2023-11-26 v2.56 Cross-referencing by name of section
 (/home/matjaz/latex/texmf-dist/tex/latex/refcount/refcount.sty
Package: refcount 2019/12/15 v3.6 Data extraction from label references (HO)
) (/home/matjaz/latex/texmf-dist/tex/generic/gettitlestring/gettitlestring.sty
Package: gettitlestring 2019/12/15 v1.6 Cleanup title references (HO)
 (/home/matjaz/latex/texmf-dist/tex/latex/kvoptions/kvoptions.sty
Package: kvoptions 2022-06-15 v3.15 Key value format for package options (HO)
))
\c@section@level=\count276
) (/home/matjaz/latex/texmf-dist/tex/latex/etoolbox/etoolbox.sty
Package: etoolbox 2020/10/05 v2.5k e-TeX tools for LaTeX (JAW)
\etb@tempcnta=\count277
)
\@linkdim=\dimen153
\Hy@linkcounter=\count278
\Hy@pagecounter=\count279
 (/home/matjaz/latex/texmf-dist/tex/latex/hyperref/pd1enc.def
File: pd1enc.def 2023-11-26 v7.01g Hyperref: PDFDocEncoding definition (HO)
Now handling font encoding PD1 ...
... no UTF-8 mapping file for font encoding PD1
) (/home/matjaz/latex/texmf-dist/tex/generic/intcalc/intcalc.sty
Package: intcalc 2019/12/15 v1.3 Expandable calculations with integers (HO)
)
\Hy@SavedSpaceFactor=\count280
 (/home/matjaz/latex/texmf-dist/tex/latex/hyperref/puenc.def
File: puenc.def 2023-11-26 v7.01g Hyperref: PDF Unicode definition (HO)
Now handling font encoding PU ...
... no UTF-8 mapping file for font encoding PU
)
Package hyperref Info: Option `colorlinks' set `true' on input line 4064.
Package hyperref Info: Hyper figures OFF on input line 4181.
Package hyperref Info: Link nesting OFF on input line 4186.
Package hyperref Info: Hyper index ON on input line 4189.
Package hyperref Info: Plain pages OFF on input line 4196.
Package hyperref Info: Backreferencing OFF on input line 4201.
Package hyperref Info: Implicit mode ON; LaTeX internals redefined.
Package hyperref Info: Bookmarks ON on input line 4448.
\c@Hy@tempcnt=\count281
 (/home/matjaz/latex/texmf-dist/tex/latex/url/url.sty
\Urlmuskip=\muskip17
Package: url 2013/09/16  ver 3.4  Verb mode for urls, etc.
)
LaTeX Info: Redefining \url on input line 4786.
\XeTeXLinkMargin=\dimen154
 (/home/matjaz/latex/texmf-dist/tex/generic/bitset/bitset.sty
Package: bitset 2019/12/09 v1.3 Handle bit-vector datatype (HO)
 (/home/matjaz/latex/texmf-dist/tex/generic/bigintcalc/bigintcalc.sty
Package: bigintcalc 2019/12/15 v1.5 Expandable calculations on big integers (HO)
))
\Fld@menulength=\count282
\Field@Width=\dimen155
\Fld@charsize=\dimen156
Package hyperref Info: Hyper figures OFF on input line 6065.
Package hyperref Info: Link nesting OFF on input line 6070.
Package hyperref Info: Hyper index ON on input line 6073.
Package hyperref Info: backreferencing OFF on input line 6080.
Package hyperref Info: Link coloring ON on input line 6083.
Package hyperref Info: Link coloring with OCG OFF on input line 6090.
Package hyperref Info: PDF/A mode OFF on input line 6095.
 (/home/matjaz/latex/texmf-dist/tex/latex/base/atbegshi-ltx.sty
Package: atbegshi-ltx 2021/01/10 v1.0c Emulation of the original atbegshi
package with kernel methods
)
\Hy@abspage=\count283
\c@Item=\count284
\c@Hfootnote=\count285
)
Package hyperref Info: Driver: hpdftex.
 (/home/matjaz/latex/texmf-dist/tex/latex/hyperref/hpdftex.def
File: hpdftex.def 2023-11-26 v7.01g Hyperref driver for pdfTeX
 (/home/matjaz/latex/texmf-dist/tex/latex/base/atveryend-ltx.sty
Package: atveryend-ltx 2020/08/19 v1.0a Emulation of the original atveryend package
with kernel methods
)
\Fld@listcount=\count286
\c@bookmark@seq@number=\count287
 (/home/matjaz/latex/texmf-dist/tex/latex/rerunfilecheck/rerunfilecheck.sty
Package: rerunfilecheck 2022-07-10 v1.10 Rerun checks for auxiliary files (HO)

(/home/matjaz/latex/texmf-dist/tex/generic/uniquecounter/uniquecounter.sty
Package: uniquecounter 2019/12/15 v1.4 Provide unlimited unique counter (HO)
)
Package uniquecounter Info: New unique counter `rerunfilecheck' on input line 285.
)
\Hy@SectionHShift=\skip62
) (/home/matjaz/latex/texmf-dist/tex/latex/hyperxmp/hyperxmp.sty
Package: hyperxmp 2023/09/10 v5.12 Store hyperref metadata in XMP format
\hyxmp@aep@toks=\toks26
 (/home/matjaz/latex/texmf-dist/tex/generic/stringenc/stringenc.sty
Package: stringenc 2019/11/29 v1.12 Convert strings between diff. encodings (HO)
) (/home/matjaz/latex/texmf-dist/tex/latex/ifmtarg/ifmtarg.sty
Package: ifmtarg 2018/04/16 v1.2b check for an empty argument
) (/home/matjaz/latex/texmf-dist/tex/latex/base/ifthen.sty
Package: ifthen 2022/04/13 v1.1d Standard LaTeX ifthen package (DPC)
)
\@hyxmp@count=\count288
 (/home/matjaz/latex/texmf-dist/tex/latex/oberdiek/ifdraft.sty
Package: ifdraft 2016/05/16 v1.4 Detect class options draft and final (HO)
) (/home/matjaz/latex/texmf-dist/tex/generic/iftex/ifluatex.sty
Package: ifluatex 2019/10/25 v1.5 ifluatex legacy package. Use iftex instead.
))

./diploma-FRI-vzorec.tex:33: LaTeX Error: Option clash for package url.

See the LaTeX manual or LaTeX Companion for explanation.
Type  H <return>  for immediate help.
 ...                                              
                                                  
l.33 \usepackage
                {csquotes}
The package url has already been loaded with options:
  []
There has now been an attempt to load it with options
  [hyphens]
Adding the global options:
  ,hyphens
to your \documentclass declaration may fix this.
Try typing  <return>  to proceed.

(/home/matjaz/latex/texmf-dist/tex/latex/csquotes/csquotes.sty
Package: csquotes 2022-09-14 v5.2n context-sensitive quotations (JAW)
\csq@reset=\count289
\csq@gtype=\count290
\csq@glevel=\count291
\csq@qlevel=\count292
\csq@maxlvl=\count293
\csq@tshold=\count294
\csq@ltx@everypar=\toks27
 (/home/matjaz/latex/texmf-dist/tex/latex/csquotes/csquotes.def
File: csquotes.def 2022-09-14 v5.2n csquotes generic definitions (JAW)
)
Package csquotes Info: Trying to load configuration file 'csquotes.cfg'...
Package csquotes Info: ... configuration file loaded successfully.
 (/home/matjaz/latex/texmf-dist/tex/latex/csquotes/csquotes.cfg
File: csquotes.cfg 
)) (/home/matjaz/latex/texmf-dist/tex/latex/graphics/color.sty
Package: color 2022/01/06 v1.3d Standard LaTeX Color (DPC)
 (/home/matjaz/latex/texmf-dist/tex/latex/graphics-cfg/color.cfg
File: color.cfg 2016/01/02 v1.6 sample color configuration
)
Package color Info: Driver file: pdftex.def on input line 149.
 (/home/matjaz/latex/texmf-dist/tex/latex/graphics/mathcolor.ltx)) (/home/matjaz/latex/texmf-dist/tex/generic/soul/soul.sty
Package: soul 2023-06-14 v3.1 Permit use of UTF-8 characters in soul (HO)
 (/home/matjaz/latex/texmf-dist/tex/generic/soul/soul-ori.sty
Package: soul-ori 2023-06-14 v3.1 letterspacing/underlining (mf)
\SOUL@word=\toks28
\SOUL@lasttoken=\toks29
\SOUL@syllable=\toks30
\SOUL@cmds=\toks31
\SOUL@buffer=\toks32
\SOUL@token=\toks33
\SOUL@syllgoal=\dimen157
\SOUL@syllwidth=\dimen158
\SOUL@charkern=\dimen159
\SOUL@hyphkern=\dimen160
\SOUL@dimen=\dimen161
\SOUL@dimeni=\dimen162
\SOUL@minus=\count295
\SOUL@comma=\count296
\SOUL@apo=\count297
\SOUL@grave=\count298
\SOUL@spaceskip=\skip63
\SOUL@ttwidth=\dimen163
\SOUL@uldp=\dimen164
\SOUL@ulht=\dimen165
) (/home/matjaz/latex/texmf-dist/tex/generic/etexcmds/etexcmds.sty
Package: etexcmds 2019/12/15 v1.7 Avoid name clashes with e-TeX commands (HO)
)) (/home/matjaz/latex/texmf-dist/tex/latex/float/float.sty
Package: float 2001/11/08 v1.3d Float enhancements (AL)
\c@float@type=\count299
\float@exts=\toks34
\float@box=\box53
\@float@everytoks=\toks35
\@floatcapt=\box54
) (/home/matjaz/latex/texmf-dist/tex/latex/booktabs/booktabs.sty
Package: booktabs 2020/01/12 v1.61803398 Publication quality tables
\heavyrulewidth=\dimen166
\lightrulewidth=\dimen167
\cmidrulewidth=\dimen168
\belowrulesep=\dimen169
\belowbottomsep=\dimen170
\aboverulesep=\dimen171
\abovetopsep=\dimen172
\cmidrulesep=\dimen173
\cmidrulekern=\dimen174
\defaultaddspace=\dimen175
\@cmidla=\count300
\@cmidlb=\count301
\@aboverulesep=\dimen176
\@belowrulesep=\dimen177
\@thisruleclass=\count302
\@lastruleclass=\count303
\@thisrulewidth=\dimen178
) (/home/matjaz/latex/texmf-dist/tex/latex/xcolor/xcolor.sty
Package: xcolor 2023/11/15 v3.01 LaTeX color extensions (UK)
 (/home/matjaz/latex/texmf-dist/tex/latex/graphics-cfg/color.cfg
File: color.cfg 2016/01/02 v1.6 sample color configuration
)
Package xcolor Info: Driver file: pdftex.def on input line 274.
LaTeX Info: Redefining \color on input line 758.
 (/home/matjaz/latex/texmf-dist/tex/latex/graphics/mathcolor.ltx)
Package xcolor Info: Model `cmy' substituted by `cmy0' on input line 1350.
Package xcolor Info: Model `hsb' substituted by `rgb' on input line 1354.
Package xcolor Info: Model `RGB' extended on input line 1366.
Package xcolor Info: Model `HTML' substituted by `rgb' on input line 1368.
Package xcolor Info: Model `Hsb' substituted by `hsb' on input line 1369.
Package xcolor Info: Model `tHsb' substituted by `hsb' on input line 1370.
Package xcolor Info: Model `HSB' substituted by `hsb' on input line 1371.
Package xcolor Info: Model `Gray' substituted by `gray' on input line 1372.
Package xcolor Info: Model `wave' substituted by `hsb' on input line 1373.
) (/home/matjaz/latex/texmf-dist/tex/latex/makecell/makecell.sty
Package: makecell 2009/08/03 V0.1e Managing of Tab Column Heads and Cells
 (/home/matjaz/latex/texmf-dist/tex/latex/tools/array.sty
Package: array 2023/10/16 v2.5g Tabular extension package (FMi)
\col@sep=\dimen179
\ar@mcellbox=\box55
\extrarowheight=\dimen180
\NC@list=\toks36
\extratabsurround=\skip64
\backup@length=\skip65
\ar@cellbox=\box56
)
\rotheadsize=\dimen181
\c@nlinenum=\count304
\TeXr@lab=\toks37
) (/home/matjaz/latex/texmf-dist/tex/latex/biblatex/biblatex.sty
Package: biblatex 2023/03/05 v3.19 programmable bibliographies (PK/MW)
 (/home/matjaz/latex/texmf-dist/tex/latex/logreq/logreq.sty
Package: logreq 2010/08/04 v1.0 xml request logger
\lrq@indent=\count305
 (/home/matjaz/latex/texmf-dist/tex/latex/logreq/logreq.def
File: logreq.def 2010/08/04 v1.0 logreq spec v1.0
))
\c@tabx@nest=\count306
\c@listtotal=\count307
\c@listcount=\count308
\c@liststart=\count309
\c@liststop=\count310
\c@citecount=\count311
\c@citetotal=\count312
\c@multicitecount=\count313
\c@multicitetotal=\count314
\c@instcount=\count315
\c@maxnames=\count316
\c@minnames=\count317
\c@maxitems=\count318
\c@minitems=\count319
\c@citecounter=\count320
\c@maxcitecounter=\count321
\c@savedcitecounter=\count322
\c@uniquelist=\count323
\c@uniquename=\count324
\c@refsection=\count325
\c@refsegment=\count326
\c@maxextratitle=\count327
\c@maxextratitleyear=\count328
\c@maxextraname=\count329
\c@maxextradate=\count330
\c@maxextraalpha=\count331
\c@abbrvpenalty=\count332
\c@highnamepenalty=\count333
\c@lownamepenalty=\count334
\c@maxparens=\count335
\c@parenlevel=\count336
\blx@tempcnta=\count337
\blx@tempcntb=\count338
\blx@tempcntc=\count339
\c@blx@maxsection=\count340
\blx@maxsegment@0=\count341
\blx@notetype=\count342
\blx@parenlevel@text=\count343
\blx@parenlevel@foot=\count344
\blx@sectionciteorder@0=\count345
\blx@sectionciteorderinternal@0=\count346
\blx@entrysetcounter=\count347
\blx@biblioinstance=\count348
\labelnumberwidth=\skip66
\labelalphawidth=\skip67
\biblabelsep=\skip68
\bibitemsep=\skip69
\bibnamesep=\skip70
\bibinitsep=\skip71
\bibparsep=\skip72
\bibhang=\skip73
\blx@bcfin=\read3
\blx@bcfout=\write3
\blx@langwohyphens=\language90
\c@mincomprange=\count349
\c@maxcomprange=\count350
\c@mincompwidth=\count351
Package biblatex Info: Trying to load biblatex default data model...
Package biblatex Info: ... file 'blx-dm.def' found.
 (/home/matjaz/latex/texmf-dist/tex/latex/biblatex/blx-dm.def
File: blx-dm.def 2023/03/05 v3.19 biblatex localization (PK/MW)
)
Package biblatex Info: Trying to load biblatex style data model...
Package biblatex Info: ... file 'numeric.dbx' not found.
Package biblatex Info: Trying to load biblatex custom data model...
Package biblatex Info: ... file 'biblatex-dm.cfg' not found.
\c@afterword=\count352
\c@savedafterword=\count353
\c@annotator=\count354
\c@savedannotator=\count355
\c@author=\count356
\c@savedauthor=\count357
\c@bookauthor=\count358
\c@savedbookauthor=\count359
\c@commentator=\count360
\c@savedcommentator=\count361
\c@editor=\count362
\c@savededitor=\count363
\c@editora=\count364
\c@savededitora=\count365
\c@editorb=\count366
\c@savededitorb=\count367
\c@editorc=\count368
\c@savededitorc=\count369
\c@foreword=\count370
\c@savedforeword=\count371
\c@holder=\count372
\c@savedholder=\count373
\c@introduction=\count374
\c@savedintroduction=\count375
\c@namea=\count376
\c@savednamea=\count377
\c@nameb=\count378
\c@savednameb=\count379
\c@namec=\count380
\c@savednamec=\count381
\c@translator=\count382
\c@savedtranslator=\count383
\c@shortauthor=\count384
\c@savedshortauthor=\count385
\c@shorteditor=\count386
\c@savedshorteditor=\count387
\c@labelname=\count388
\c@savedlabelname=\count389
\c@institution=\count390
\c@savedinstitution=\count391
\c@lista=\count392
\c@savedlista=\count393
\c@listb=\count394
\c@savedlistb=\count395
\c@listc=\count396
\c@savedlistc=\count397
\c@listd=\count398
\c@savedlistd=\count399
\c@liste=\count400
\c@savedliste=\count401
\c@listf=\count402
\c@savedlistf=\count403
\c@location=\count404
\c@savedlocation=\count405
\c@organization=\count406
\c@savedorganization=\count407
\c@origlocation=\count408
\c@savedoriglocation=\count409
\c@origpublisher=\count410
\c@savedorigpublisher=\count411
\c@publisher=\count412
\c@savedpublisher=\count413
\c@language=\count414
\c@savedlanguage=\count415
\c@origlanguage=\count416
\c@savedoriglanguage=\count417
\c@pageref=\count418
\c@savedpageref=\count419
\shorthandwidth=\skip74
\shortjournalwidth=\skip75
\shortserieswidth=\skip76
\shorttitlewidth=\skip77
\shortauthorwidth=\skip78
\shorteditorwidth=\skip79
\locallabelnumberwidth=\skip80
\locallabelalphawidth=\skip81
\localshorthandwidth=\skip82
\localshortjournalwidth=\skip83
\localshortserieswidth=\skip84
\localshorttitlewidth=\skip85
\localshortauthorwidth=\skip86
\localshorteditorwidth=\skip87
Package biblatex Info: Trying to load compatibility code...
Package biblatex Info: ... file 'blx-compat.def' found.
 (/home/matjaz/latex/texmf-dist/tex/latex/biblatex/blx-compat.def
File: blx-compat.def 2023/03/05 v3.19 biblatex compatibility (PK/MW)
)
Package biblatex Info: Trying to load generic definitions...
Package biblatex Info: ... file 'biblatex.def' found.
 (/home/matjaz/latex/texmf-dist/tex/latex/biblatex/biblatex.def
File: biblatex.def 2023/03/05 v3.19 biblatex compatibility (PK/MW)
\c@textcitecount=\count420
\c@textcitetotal=\count421
\c@textcitemaxnames=\count422
\c@biburlbigbreakpenalty=\count423
\c@biburlbreakpenalty=\count424
\c@biburlnumpenalty=\count425
\c@biburlucpenalty=\count426
\c@biburllcpenalty=\count427
\biburlbigskip=\muskip18
\biburlnumskip=\muskip19
\biburlucskip=\muskip20
\biburllcskip=\muskip21
\c@smartand=\count428
)
Package biblatex Info: Trying to load bibliography style 'numeric'...
Package biblatex Info: ... file 'numeric.bbx' found.
 (/home/matjaz/latex/texmf-dist/tex/latex/biblatex/bbx/numeric.bbx
File: numeric.bbx 2023/03/05 v3.19 biblatex bibliography style (PK/MW)
Package biblatex Info: Trying to load bibliography style 'standard'...
Package biblatex Info: ... file 'standard.bbx' found.
 (/home/matjaz/latex/texmf-dist/tex/latex/biblatex/bbx/standard.bbx
File: standard.bbx 2023/03/05 v3.19 biblatex bibliography style (PK/MW)
\c@bbx:relatedcount=\count429
\c@bbx:relatedtotal=\count430
))
Package biblatex Info: Trying to load citation style 'numeric'...
Package biblatex Info: ... file 'numeric.cbx' found.
 (/home/matjaz/latex/texmf-dist/tex/latex/biblatex/cbx/numeric.cbx
File: numeric.cbx 2023/03/05 v3.19 biblatex citation style (PK/MW)
Package biblatex Info: Redefining '\cite'.
Package biblatex Info: Redefining '\parencite'.
Package biblatex Info: Redefining '\footcite'.
Package biblatex Info: Redefining '\footcitetext'.
Package biblatex Info: Redefining '\smartcite'.
Package biblatex Info: Redefining '\supercite'.
Package biblatex Info: Redefining '\textcite'.
Package biblatex Info: Redefining '\textcites'.
Package biblatex Info: Redefining '\cites'.
Package biblatex Info: Redefining '\parencites'.
Package biblatex Info: Redefining '\smartcites'.
)
Package biblatex Info: Trying to load configuration file...
Package biblatex Info: ... file 'biblatex.cfg' found.
 (/home/matjaz/latex/texmf-dist/tex/latex/biblatex/biblatex.cfg
File: biblatex.cfg 
)
Package biblatex Info: Input encoding 'utf8' detected.
Package biblatex Info: Document encoding is UTF8 ....
 (/home/matjaz/latex/texmf-dist/tex/latex/l3kernel/expl3.sty
Package: expl3 2023-12-11 L3 programming layer (loader) 
 (/home/matjaz/latex/texmf-dist/tex/latex/l3backend/l3backend-pdftex.def
File: l3backend-pdftex.def 2023-11-09 L3 backend support: PDF output (pdfTeX)
\l__color_backend_stack_int=\count431
\l__pdf_internal_box=\box57
))
Package biblatex Info: ... and expl3
(biblatex)             2023-12-11 L3 programming layer (loader) 
(biblatex)             is new enough (at least 2020/04/06),
(biblatex)             setting 'casechanger=expl3'.
 (/home/matjaz/latex/texmf-dist/tex/latex/biblatex/blx-case-expl3.sty (/home/matjaz/latex/texmf-dist/tex/latex/l3packages/xparse/xparse.sty
Package: xparse 2023-10-10 L3 Experimental document command parser
)
Package: blx-case-expl3 2023/03/05 v3.19 expl3 case changing code for biblatex
))
\c@izrek=\count432
\c@trditev=\count433
\countA=\count434
 (/home/matjaz/latex/texmf-dist/tex/latex/xmpincl/xmpincl.sty
Package: xmpincl 2021/09/22 v2.4 Include XMP data in pdflatex

(/home/matjaz/latex/texmf-dist/tex/generic/iftex/ifpdf.sty
Package: ifpdf 2019/10/25 v3.4 ifpdf legacy package. Use iftex instead.
))
Package csquotes Info: Checking for multilingual support...
Package csquotes Info: ... found 'babel' package.
Package csquotes Info: Adjusting default style.
Package csquotes Info: Redefining alias 'default' -> 'english'.
 (./diploma-FRI-vzorec.aux

LaTeX Warning: Label `pic8' multiply defined.


LaTeX Warning: Label `pic8' multiply defined.


LaTeX Warning: Label `pic8' multiply defined.


LaTeX Warning: Label `pic8' multiply defined.


LaTeX Warning: Label `pic8' multiply defined.


LaTeX Warning: Label `pic8' multiply defined.


LaTeX Warning: Label `pic8' multiply defined.

)
\openout1 = `diploma-FRI-vzorec.aux'.

LaTeX Font Info:    Checking defaults for OML/cmm/m/it on input line 195.
LaTeX Font Info:    ... okay on input line 195.
LaTeX Font Info:    Checking defaults for OMS/cmsy/m/n on input line 195.
LaTeX Font Info:    ... okay on input line 195.
LaTeX Font Info:    Checking defaults for OT1/cmr/m/n on input line 195.
LaTeX Font Info:    ... okay on input line 195.
LaTeX Font Info:    Checking defaults for T1/cmr/m/n on input line 195.
LaTeX Font Info:    ... okay on input line 195.
LaTeX Font Info:    Checking defaults for TS1/cmr/m/n on input line 195.
LaTeX Font Info:    ... okay on input line 195.
LaTeX Font Info:    Checking defaults for OMX/cmex/m/n on input line 195.
LaTeX Font Info:    ... okay on input line 195.
LaTeX Font Info:    Checking defaults for U/cmr/m/n on input line 195.
LaTeX Font Info:    ... okay on input line 195.
LaTeX Font Info:    Checking defaults for PD1/pdf/m/n on input line 195.
LaTeX Font Info:    ... okay on input line 195.
LaTeX Font Info:    Checking defaults for PU/pdf/m/n on input line 195.
LaTeX Font Info:    ... okay on input line 195.
 (/home/matjaz/latex/texmf-dist/tex/context/base/mkii/supp-pdf.mkii
[Loading MPS to PDF converter (version 2006.09.02).]
\scratchcounter=\count435
\scratchdimen=\dimen182
\scratchbox=\box58
\nofMPsegments=\count436
\nofMParguments=\count437
\everyMPshowfont=\toks38
\MPscratchCnt=\count438
\MPscratchDim=\dimen183
\MPnumerator=\count439
\makeMPintoPDFobject=\count440
\everyMPtoPDFconversion=\toks39
) (/home/matjaz/latex/texmf-dist/tex/latex/epstopdf-pkg/epstopdf-base.sty
Package: epstopdf-base 2020-01-24 v2.11 Base part for package epstopdf
Package epstopdf-base Info: Redefining graphics rule for `.eps' on input line 485.
 (/home/matjaz/latex/texmf-dist/tex/latex/latexconfig/epstopdf-sys.cfg
File: epstopdf-sys.cfg 2010/07/13 v1.3 Configuration of (r)epstopdf for TeX Live
))
Package hyperref Info: Link coloring ON on input line 195.
 (./diploma-FRI-vzorec.out) (./diploma-FRI-vzorec.out)
\@outlinefile=\write4
\openout4 = `diploma-FRI-vzorec.out'.

Package biblatex Info: Trying to load language 'english'...
Package biblatex Info: ... file 'english.lbx' found.
 (/home/matjaz/latex/texmf-dist/tex/latex/biblatex/lbx/english.lbx
File: english.lbx 2023/03/05 v3.19 biblatex localization (PK/MW)
)
Package biblatex Info: Trying to load language 'slovene'...
Package biblatex Info: ... file 'slovene.lbx' found.
 (/home/matjaz/latex/texmf-dist/tex/latex/biblatex/lbx/slovene.lbx
File: slovene.lbx 2023/03/05 v3.19 biblatex localization (PK/MW)
)
Package biblatex Info: Input encoding 'utf8' detected.
Package biblatex Info: Automatic encoding selection.
(biblatex)             Assuming data encoding 'utf8'.
\openout3 = `diploma-FRI-vzorec.bcf'.

Package biblatex Info: Trying to load bibliographic data...
Package biblatex Info: ... file 'diploma-FRI-vzorec.bbl' found.
 (./diploma-FRI-vzorec.bbl)
Package biblatex Info: Reference section=0 on input line 195.
Package biblatex Info: Reference segment=0 on input line 195.
 [1


{/home/matjaz/latex/texmf-var/fonts/map/pdftex/updmap/pdftex.map}]
<cc_cc_30.pdf, id=82, 25.27844pt x 25.27844pt>
File: cc_cc_30.pdf Graphic file (type pdf)
<use cc_cc_30.pdf>
Package pdftex.def Info: cc_cc_30.pdf  used on input line 248.
(pdftex.def)             Requested size: 18.74585pt x 18.74585pt.
<cc_by_30.pdf, id=83, 18.74034pt x 18.73953pt>
File: cc_by_30.pdf Graphic file (type pdf)
<use cc_by_30.pdf>
Package pdftex.def Info: cc_by_30.pdf  used on input line 248.
(pdftex.def)             Requested size: 18.74028pt x 18.73947pt.
<cc_sa_30.pdf, id=84, 18.73955pt x 18.73994pt>
File: cc_sa_30.pdf Graphic file (type pdf)
<use cc_sa_30.pdf>
Package pdftex.def Info: cc_sa_30.pdf  used on input line 248.
(pdftex.def)             Requested size: 18.73949pt x 18.73988pt.
LaTeX Font Info:    Trying to load font information for U+msa on input line 256.
 (/home/matjaz/latex/texmf-dist/tex/latex/amsfonts/umsa.fd
File: umsa.fd 2013/01/14 v3.01 AMS symbols A
)
LaTeX Font Info:    Trying to load font information for U+msb on input line 256.
 (/home/matjaz/latex/texmf-dist/tex/latex/amsfonts/umsb.fd
File: umsb.fd 2013/01/14 v3.01 AMS symbols B
)
pdfTeX warning (ext4): destination with the same identifier (name{page.}) has been already used, duplicate ignored
<to be read again> 
                   \relax 
l.267 \clearemptydoublepage
                            [2 <./cc_cc_30.pdf> <./cc_by_30.pdf

pdfTeX warning: pdflatex (file ./cc_by_30.pdf): PDF inclusion: multiple pdfs with page group included in a single page
> <./cc_sa_30.pdf

pdfTeX warning: pdflatex (file ./cc_sa_30.pdf): PDF inclusion: multiple pdfs with page group included in a single page
>]
Underfull \hbox (badness 10000) in paragraph at lines 276--283

 []


pdfTeX warning (ext4): destination with the same identifier (name{page.}) has been already used, duplicate ignored
<to be read again> 
                   \relax 
l.304 \clearemptydoublepage
                            [3

]
pdfTeX warning (ext4): destination with the same identifier (name{page.}) has been already used, duplicate ignored
<to be read again> 
                   \relax 
l.304 \clearemptydoublepage
                            [4

]
pdfTeX warning (ext4): destination with the same identifier (name{page.}) has been already used, duplicate ignored
<to be read again> 
                   \relax 
l.313 \clearemptydoublepage
                            [5]
pdfTeX warning (ext4): destination with the same identifier (name{page.}) has been already used, duplicate ignored
<to be read again> 
                   \relax 
l.313 \clearemptydoublepage
                            [6

] (./diploma-FRI-vzorec.toc)
\tf@toc=\write5
\openout5 = `diploma-FRI-vzorec.toc'.


pdfTeX warning (ext4): destination with the same identifier (name{page.}) has been already used, duplicate ignored
<to be read again> 
                   \relax 
l.333 \clearemptydoublepage
                            [7

]
pdfTeX warning (ext4): destination with the same identifier (name{page.}) has been already used, duplicate ignored
<to be read again> 
                   \relax 
l.333 \clearemptydoublepage
                            [8

]
Underfull \hbox (badness 10000) in paragraph at lines 343--344
[]|\OT1/cmr/m/n/12 Sinapti^^Tcna pla-sti^^Tcnost od-
 []


Underfull \hbox (badness 10000) in paragraph at lines 343--344
\OT1/cmr/m/n/12 vi-sna od na-gra-je-va-nja in
 []


pdfTeX warning (ext4): destination with the same identifier (name{page.}) has been already used, duplicate ignored
<to be read again> 
                   \relax 
l.350 \clearemptydoublepage
                            [9

]
pdfTeX warning (ext4): destination with the same identifier (name{page.}) has been already used, duplicate ignored
<to be read again> 
                   \relax 
l.350 \clearemptydoublepage
                            [10

]
pdfTeX warning (ext4): destination with the same identifier (name{page.}) has been already used, duplicate ignored
<to be read again> 
                   \relax 
l.371 \clearemptydoublepage
                            [11

]
pdfTeX warning (ext4): destination with the same identifier (name{page.}) has been already used, duplicate ignored
<to be read again> 
                   \relax 
l.371 \clearemptydoublepage
                            [12

]
pdfTeX warning (ext4): destination with the same identifier (name{page.}) has been already used, duplicate ignored
<to be read again> 
                   \relax 
l.393 \clearemptydoublepage
                            [13

]
pdfTeX warning (ext4): destination with the same identifier (name{page.}) has been already used, duplicate ignored
<to be read again> 
                   \relax 
l.393 \clearemptydoublepage
                            [14

]
Poglavje 1.

LaTeX Warning: Reference `sec:neuron_sinapse_modelling' on page 1 undefined on input line 412.


LaTeX Warning: Reference `sec:neural_circuits' on page 1 undefined on input line 414.


Underfull \vbox (badness 10000) has occurred while \output is active []

 [1


] [2]
Poglavje 2.

Overfull \hbox (12.36104pt too wide) in paragraph at lines 424--426
[][][][][][] \OT1/cmr/m/n/12 Na temo
 []


Underfull \vbox (badness 4013) has occurred while \output is active []

 [3

] [4]
Poglavje 3.

Underfull \hbox (badness 10000) in paragraph at lines 436--457

 []


Underfull \hbox (badness 10000) in paragraph at lines 436--457

 []


Underfull \hbox (badness 10000) in paragraph at lines 436--457

 []

[5

] [6

]
Poglavje 4.
[7{/home/matjaz/latex/texmf-dist/fonts/enc/dvips/cm-super/cm-super-ts1.enc}] [8]

LaTeX Warning: Citation 'expModel' on page 9 undefined on input line 543.

[9]
Underfull \hbox (badness 10000) in paragraph at lines 566--570

 []

<../../results/neuron_models/PSCs.png, id=227, 722.7pt x 361.35pt>
File: ../../results/neuron_models/PSCs.png Graphic file (type png)
<use ../../results/neuron_models/PSCs.png>
Package pdftex.def Info: ../../results/neuron_models/PSCs.png  used on input line 576.
(pdftex.def)             Requested size: 390.0pt x 194.99928pt.
[10] [11
pdfTeX warning (ext4): destination with the same identifier (name{figure.4.1}) has been already used, duplicate ignored
<argument> ...shipout:D \box_use:N \l_shipout_box 
                                                  \__shipout_drop_firstpage_...
l.587 
       <../../results/neuron_models/PSCs.png>] [12
pdfTeX warning (ext4): destination with the same identifier (name{table.4.1}) has been already used, duplicate ignored
<argument> ...shipout:D \box_use:N \l_shipout_box 
                                                  \__shipout_drop_firstpage_...
l.630 
      
pdfTeX warning (ext4): destination with the same identifier (name{table.4.2}) has been already used, duplicate ignored
<argument> ...shipout:D \box_use:N \l_shipout_box 
                                                  \__shipout_drop_firstpage_...
l.630 
      ]
Overfull \hbox (14.72752pt too wide) detected at line 644
[]\OT1/cmr/m/n/12 (^^A\OML/cmm/m/it/12 t\OT1/cmr/m/n/12 ) = []
 []

[13]
Runaway argument?
{figure}[Htb] \begin {center} \includegraphics [width=1.0\textwidth ]\ETC.
./diploma-FRI-vzorec.tex:684: Paragraph ended before \@float@HH was complete.
<to be read again> 
                   \par 
l.684 
      
I suspect you've forgotten a `}', causing me to apply this
control sequence to too much text. How can we recover?
My plan is to forget the whole thing and hope for the best.

Runaway argument?
{figure}[Htb] \begin {center} \includegraphics [width=1.0\textwidth ]\ETC.
./diploma-FRI-vzorec.tex:696: Paragraph ended before \@float@HH was complete.
<to be read again> 
                   \par 
l.696 
      
I suspect you've forgotten a `}', causing me to apply this
control sequence to too much text. How can we recover?
My plan is to forget the whole thing and hope for the best.


./diploma-FRI-vzorec.tex:698: LaTeX Error: \begin{figure} on input line 689 ended by \end{enumerate}.

See the LaTeX manual or LaTeX Companion for explanation.
Type  H <return>  for immediate help.
 ...                                              
                                                  
l.698 \end{enumerate}
                     
Your command was ignored.
Type  I <command> <return>  to replace it with another command,
or  <return>  to continue without it.

[14]
Poglavje 5.
[15

]
Underfull \hbox (badness 10000) in paragraph at lines 713--721

 []


Underfull \hbox (badness 10000) in paragraph at lines 713--721

 []

[16]
<../../results/rstdp/competition.png, id=271, 867.24pt x 458.1918pt>
File: ../../results/rstdp/competition.png Graphic file (type png)
<use ../../results/rstdp/competition.png>
Package pdftex.def Info: ../../results/rstdp/competition.png  used on input line 730.
(pdftex.def)             Requested size: 390.0pt x 206.05156pt.
 [17] [18
pdfTeX warning (ext4): destination with the same identifier (name{figure.5.1}) has been already used, duplicate ignored
<argument> ...shipout:D \box_use:N \l_shipout_box 
                                                  \__shipout_drop_firstpage_...
l.736 \newpage
               <../../results/rstdp/competition.png>]
<../../results/figures/pong_setup.png, id=286, 268.75406pt x 278.54062pt>
File: ../../results/figures/pong_setup.png Graphic file (type png)
<use ../../results/figures/pong_setup.png>
Package pdftex.def Info: ../../results/figures/pong_setup.png  used on input line 750.
(pdftex.def)             Requested size: 234.00238pt x 242.52388pt.
<../../results/rstdp/rstdp-pong/learning.png, id=288, 1040.688pt x 519.6213pt>
File: ../../results/rstdp/rstdp-pong/learning.png Graphic file (type png)
<use ../../results/rstdp/rstdp-pong/learning.png>
Package pdftex.def Info: ../../results/rstdp/rstdp-pong/learning.png  used on input line 760.
(pdftex.def)             Requested size: 390.0pt x 194.73064pt.

Underfull \vbox (badness 10000) has occurred while \output is active []

 [19]
Overfull \vbox (6.83801pt too high) has occurred while \output is active []

 [20
pdfTeX warning (ext4): destination with the same identifier (name{figure.5.2}) has been already used, duplicate ignored
<argument> ...shipout:D \box_use:N \l_shipout_box 
                                                  \__shipout_drop_firstpage_...
l.765 \newpage
              
pdfTeX warning (ext4): destination with the same identifier (name{figure.5.3}) has been already used, duplicate ignored
<argument> ...shipout:D \box_use:N \l_shipout_box 
                                                  \__shipout_drop_firstpage_...
l.765 \newpage
               <../../results/figures/pong_setup.png> <../../results/rstdp/rstdp-pong/learning.png>]
<../../results/rstdp/rstdp-pong/mean_reward.png, id=304, 722.7pt x 361.35pt>
File: ../../results/rstdp/rstdp-pong/mean_reward.png Graphic file (type png)
<use ../../results/rstdp/rstdp-pong/mean_reward.png>
Package pdftex.def Info: ../../results/rstdp/rstdp-pong/mean_reward.png  used on input line 770.
(pdftex.def)             Requested size: 390.0pt x 194.99928pt.

Underfull \vbox (badness 10000) has occurred while \output is active []

 [21
pdfTeX warning (ext4): destination with the same identifier (name{figure.5.4}) has been already used, duplicate ignored
<argument> ...shipout:D \box_use:N \l_shipout_box 
                                                  \__shipout_drop_firstpage_...
l.788 \]
         <../../results/rstdp/rstdp-pong/mean_reward.png>]
<../../results/rstdp/rstdp-gridworld/best.png, id=313, 289.08pt x 289.08pt>
File: ../../results/rstdp/rstdp-gridworld/best.png Graphic file (type png)
<use ../../results/rstdp/rstdp-gridworld/best.png>
Package pdftex.def Info: ../../results/rstdp/rstdp-gridworld/best.png  used on input line 803.
(pdftex.def)             Requested size: 234.00238pt x 233.99911pt.
 [22
pdfTeX warning (ext4): destination with the same identifier (name{figure.5.5}) has been already used, duplicate ignored
<argument> ...shipout:D \box_use:N \l_shipout_box 
                                                  \__shipout_drop_firstpage_...
l.811 \section
              {TD učenje in model actor-critic} <../../results/rstdp/rstdp-gridworld/best.png>]
Underfull \hbox (badness 10000) in paragraph at lines 826--836

 []


Underfull \hbox (badness 10000) in paragraph at lines 837--845

 []

[23]
Underfull \vbox (badness 10000) has occurred while \output is active []

 [24]
<../../results/figures/basal_ganglia.jpg, id=331, 687.56876pt x 674.52pt>
File: ../../results/figures/basal_ganglia.jpg Graphic file (type jpg)
<use ../../results/figures/basal_ganglia.jpg>
Package pdftex.def Info: ../../results/figures/basal_ganglia.jpg  used on input line 848.
(pdftex.def)             Requested size: 234.00238pt x 229.5602pt.
<../../results/figures/dipl_TD_model.png, id=332, 599.23875pt x 493.845pt>
File: ../../results/figures/dipl_TD_model.png Graphic file (type png)
<use ../../results/figures/dipl_TD_model.png>
Package pdftex.def Info: ../../results/figures/dipl_TD_model.png  used on input line 863.
(pdftex.def)             Requested size: 390.0pt x 321.40988pt.

Underfull \hbox (badness 10000) in paragraph at lines 854--868

 []


Underfull \hbox (badness 10000) in paragraph at lines 854--868

 []

[25
pdfTeX warning (ext4): destination with the same identifier (name{figure.5.6}) has been already used, duplicate ignored
<argument> ...shipout:D \box_use:N \l_shipout_box 
                                                  \__shipout_drop_firstpage_...
l.868 \newpage
               <../../results/figures/basal_ganglia.jpg>] [26] [27
pdfTeX warning (ext4): destination with the same identifier (name{figure.5.7}) has been already used, duplicate ignored
<argument> ...shipout:D \box_use:N \l_shipout_box 
                                                  \__shipout_drop_firstpage_...
l.868 \newpage
               <../../results/figures/dipl_TD_model.png>]
Overfull \hbox (59.44313pt too wide) in paragraph at lines 885--913
[][]
 []


Underfull \hbox (badness 10000) in paragraph at lines 870--914

 []


./diploma-FRI-vzorec.tex:916: LaTeX Error: There's no line here to end.

See the LaTeX manual or LaTeX Companion for explanation.
Type  H <return>  for immediate help.
 ...                                              
                                                  
l.916 \begin
            {table}[H]
Your command was ignored.
Type  I <command> <return>  to replace it with another command,
or  <return>  to continue without it.


Overfull \hbox (73.00876pt too wide) in paragraph at lines 917--944
[][]
 []


Underfull \vbox (badness 10000) has occurred while \output is active []

 [28
pdfTeX warning (ext4): destination with the same identifier (name{table.5.1}) has been already used, duplicate ignored
<argument> ...shipout:D \box_use:N \l_shipout_box 
                                                  \__shipout_drop_firstpage_...
l.945 \end{table}
                 ]

./diploma-FRI-vzorec.tex:947: LaTeX Error: There's no line here to end.

See the LaTeX manual or LaTeX Companion for explanation.
Type  H <return>  for immediate help.
 ...                                              
                                                  
l.947 \begin
            {table}[H]
Your command was ignored.
Type  I <command> <return>  to replace it with another command,
or  <return>  to continue without it.


Overfull \hbox (68.96288pt too wide) in paragraph at lines 948--968
[][]
 []


Underfull \vbox (badness 10000) has occurred while \output is active []

 [29
pdfTeX warning (ext4): destination with the same identifier (name{table.5.2}) has been already used, duplicate ignored
<argument> ...shipout:D \box_use:N \l_shipout_box 
                                                  \__shipout_drop_firstpage_...
l.969 \end{table}
                 ]
Underfull \vbox (badness 10000) has occurred while \output is active []

 [30
pdfTeX warning (ext4): destination with the same identifier (name{table.5.3}) has been already used, duplicate ignored
<argument> ...shipout:D \box_use:N \l_shipout_box 
                                                  \__shipout_drop_firstpage_...
l.980 \end{table}
                 ]

./diploma-FRI-vzorec.tex:982: LaTeX Error: There's no line here to end.

See the LaTeX manual or LaTeX Companion for explanation.
Type  H <return>  for immediate help.
 ...                                              
                                                  
l.982 \begin
            {table}[H]
Your command was ignored.
Type  I <command> <return>  to replace it with another command,
or  <return>  to continue without it.


Overfull \hbox (78.32213pt too wide) in paragraph at lines 983--991
[][]
 []


Underfull \vbox (badness 10000) has occurred while \output is active []

 [31
pdfTeX warning (ext4): destination with the same identifier (name{table.5.4}) has been already used, duplicate ignored
<argument> ...shipout:D \box_use:N \l_shipout_box 
                                                  \__shipout_drop_firstpage_...
l.992 \end{table}
                 ]

./diploma-FRI-vzorec.tex:994: LaTeX Error: There's no line here to end.

See the LaTeX manual or LaTeX Companion for explanation.
Type  H <return>  for immediate help.
 ...                                              
                                                  
l.994 \subsection
                 {Učenje}
Your command was ignored.
Type  I <command> <return>  to replace it with another command,
or  <return>  to continue without it.

<../../results/actorcritic/F2 - StateTransitionTD_annotated.png, id=372, 1204.5pt x 979.66pt>
File: ../../results/actorcritic/F2 - StateTransitionTD_annotated.png Graphic file (type png)
<use ../../results/actorcritic/F2 - StateTransitionTD_annotated.png>
Package pdftex.def Info: ../../results/actorcritic/F2 - StateTransitionTD_annotated.png  used on input line 997.
(pdftex.def)             Requested size: 390.0pt x 317.2048pt.

Underfull \vbox (badness 10000) has occurred while \output is active []

 [32
pdfTeX warning (ext4): destination with the same identifier (name{table.5.5}) has been already used, duplicate ignored
<argument> ...shipout:D \box_use:N \l_shipout_box 
                                                  \__shipout_drop_firstpage_...
l.1008 }
        
pdfTeX warning (ext4): destination with the same identifier (name{table.5.6}) has been already used, duplicate ignored
<argument> ...shipout:D \box_use:N \l_shipout_box 
                                                  \__shipout_drop_firstpage_...
l.1008 }
        ]
<../../results/actorcritic/F3 - Learning.png, id=379, 1387.584pt x 708.246pt>
File: ../../results/actorcritic/F3 - Learning.png Graphic file (type png)
<use ../../results/actorcritic/F3 - Learning.png>
Package pdftex.def Info: ../../results/actorcritic/F3 - Learning.png  used on input line 1011.
(pdftex.def)             Requested size: 390.0pt x 199.06401pt.


./diploma-FRI-vzorec.tex:1015: LaTeX Error: There's no line here to end.

See the LaTeX manual or LaTeX Companion for explanation.
Type  H <return>  for immediate help.
 ...                                              
                                                  
l.1015 \colorbox
                {Apricot}{%
Your command was ignored.
Type  I <command> <return>  to replace it with another command,
or  <return>  to continue without it.


Underfull \vbox (badness 10000) has occurred while \output is active []

 [33
pdfTeX warning (ext4): destination with the same identifier (name{figure.5.8}) has been already used, duplicate ignored
<argument> ...shipout:D \box_use:N \l_shipout_box 
                                                  \__shipout_drop_firstpage_...
l.1024 \end{figure}
                    <../../results/actorcritic/F2 - StateTransitionTD_annotated.png>] [34
pdfTeX warning (ext4): destination with the same identifier (name{figure.5.9}) has been already used, duplicate ignored
<argument> ...shipout:D \box_use:N \l_shipout_box 
                                                  \__shipout_drop_firstpage_...
l.1025 \newpage
                <../../results/actorcritic/F3 - Learning.png>]
<../../results/best.png, id=393, 289.08pt x 289.08pt>
File: ../../results/best.png Graphic file (type png)
<use ../../results/best.png>
Package pdftex.def Info: ../../results/best.png  used on input line 1031.
(pdftex.def)             Requested size: 234.00238pt x 233.99911pt.
<../../results/actorcritic/progress.png, id=394, 897.3525pt x 278.54062pt>
File: ../../results/actorcritic/progress.png Graphic file (type png)
<use ../../results/actorcritic/progress.png>
Package pdftex.def Info: ../../results/actorcritic/progress.png  used on input line 1039.
(pdftex.def)             Requested size: 390.0pt x 121.05368pt.

Underfull \hbox (badness 10000) in paragraph at lines 1046--1057

 []

[35
pdfTeX warning (ext4): destination with the same identifier (name{figure.5.10}) has been already used, duplicate ignored
<argument> ...shipout:D \box_use:N \l_shipout_box 
                                                  \__shipout_drop_firstpage_...
l.1057 \newpage
               
pdfTeX warning (ext4): destination with the same identifier (name{figure.5.11}) has been already used, duplicate ignored
<argument> ...shipout:D \box_use:N \l_shipout_box 
                                                  \__shipout_drop_firstpage_...
l.1057 \newpage
                <../../results/best.png> <../../results/actorcritic/progress.png>] [36]
<../../results/figures/aversive.png, id=410, 128.48pt x 129.48375pt>
File: ../../results/figures/aversive.png Graphic file (type png)
<use ../../results/figures/aversive.png>
Package pdftex.def Info: ../../results/figures/aversive.png  used on input line 1072.
(pdftex.def)             Requested size: 155.99762pt x 157.229pt.

Underfull \vbox (badness 2529) has occurred while \output is active []

 [37] [38
pdfTeX warning (ext4): destination with the same identifier (name{figure.5.12}) has been already used, duplicate ignored
<argument> ...shipout:D \box_use:N \l_shipout_box 
                                                  \__shipout_drop_firstpage_...
l.1081 
        <../../results/figures/aversive.png>] [39] [40

]
Poglavje 6.

Package biblatex Warning: Split bibliography detected.
(biblatex)                Many simple split bibliography setups with
(biblatex)                non-overlapping bibliographies benefit from
(biblatex)                setting 'defernumbers=true'.
(biblatex)                See the documentation for details.
(biblatex)                This warning can be suppressed with
(biblatex)                '\BiblatexSplitbibDefernumbersWarningOff'.

[41] [42

]
Overfull \hbox (14.95448pt too wide) in paragraph at lines 1114--1114
\OT1/cmr/m/n/12 Temporal-Difference Le-ar-ning". V: \OT1/cmr/m/it/12 PLoS com-pu-ta-ti-o-nal bi-o-logy \OT1/cmr/m/n/12 7.5 (2011).
 []


Package biblatex Warning: Type 'inproceedings' not found on input line 1116.


LaTeX Warning: Empty bibliography on input line 1116.


Package biblatex Warning: Type 'incollection' not found on input line 1118.


LaTeX Warning: Empty bibliography on input line 1118.

[43] [44

]
Overfull \hbox (14.95448pt too wide) in paragraph at lines 1120--1120
\OT1/cmr/m/n/12 Temporal-Difference Le-ar-ning". V: \OT1/cmr/m/it/12 PLoS com-pu-ta-ti-o-nal bi-o-logy \OT1/cmr/m/n/12 7.5 (2011).
 []

[45]

./diploma-FRI-vzorec.tex:1123: LaTeX Error: \begin{figure} on input line 676 ended by \end{document}.

See the LaTeX manual or LaTeX Companion for explanation.
Type  H <return>  for immediate help.
 ...                                              
                                                  
l.1123 \end{document}
                     
Your command was ignored.
Type  I <command> <return>  to replace it with another command,
or  <return>  to continue without it.

(/home/matjaz/latex/texmf-dist/tex/generic/stringenc/se-utf8.def
File: se-utf8.def 2019/11/29 v1.12 stringenc: UTF-8
) (/home/matjaz/latex/texmf-dist/tex/generic/stringenc/se-pdfdoc.def
File: se-pdfdoc.def 2019/11/29 v1.12 stringenc: PDFDocEncoding
) [46] (./diploma-FRI-vzorec.aux)
 ***********
LaTeX2e <2023-11-01>
L3 programming layer <2023-12-11>
 ***********


LaTeX Warning: There were undefined references.


LaTeX Warning: There were multiply-defined labels.


Package rerunfilecheck Warning: File `diploma-FRI-vzorec.out' has changed.
(rerunfilecheck)                Rerun to get outlines right
(rerunfilecheck)                or use package `bookmark'.

Package rerunfilecheck Info: Checksums for `diploma-FRI-vzorec.out':
(rerunfilecheck)             Before: 48FC7B111140EA505CF8F5FF8722F721;2530
(rerunfilecheck)             After:  FFAD7D2454722C55708950F79983E1FF;2604.

Package biblatex Warning: Please (re)run Biber on the file:
(biblatex)                diploma-FRI-vzorec
(biblatex)                and rerun LaTeX afterwards.

Package logreq Info: Writing requests to 'diploma-FRI-vzorec.run.xml'.
\openout1 = `diploma-FRI-vzorec.run.xml'.

 )
(\end occurred inside a group at level 1)

### semi simple group (level 1) entered at line 676 (\begingroup)
### bottom level 
Here is how much of TeX's memory you used:
 21122 strings out of 474175
 367361 string characters out of 5748183
 1945457 words of memory out of 5000000
 43013 multiletter control sequences out of 15000+600000
 573225 words of font info for 92 fonts, out of 8000000 for 9000
 1141 hyphenation exceptions out of 8191
 75i,26n,81p,1782b,2123s stack positions out of 10000i,1000n,20000p,200000b,200000s
</home/matjaz/latex/texmf-dist/fonts/type1/public/amsfonts/cm/cmbx10.pfb></home/matjaz/latex/texmf-dist/fonts/type1/public/amsfonts/cm/cmbx12.pfb></home/matjaz/latex/texmf-dist/fonts/type1/public/amsfonts/cm/cmcsc10.pfb></home/matjaz/latex/texmf-dist/fonts/type1/public/amsfonts/cm/cmex10.pfb></home/matjaz/latex/texmf-dist/fonts/type1/public/amsfonts/cm/cmmi12.pfb></home/matjaz/latex/texmf-dist/fonts/type1/public/amsfonts/cm/cmmi6.pfb></home/matjaz/latex/texmf-dist/fonts/type1/public/amsfonts/cm/cmmi8.pfb></home/matjaz/latex/texmf-dist/fonts/type1/public/amsfonts/cm/cmr10.pfb></home/matjaz/latex/texmf-dist/fonts/type1/public/amsfonts/cm/cmr12.pfb></home/matjaz/latex/texmf-dist/fonts/type1/public/amsfonts/cm/cmr17.pfb></home/matjaz/latex/texmf-dist/fonts/type1/public/amsfonts/cm/cmr6.pfb></home/matjaz/latex/texmf-dist/fonts/type1/public/amsfonts/cm/cmr8.pfb></home/matjaz/latex/texmf-dist/fonts/type1/public/amsfonts/cm/cmsl12.pfb></home/matjaz/latex/texmf-dist/fonts/type1/public/amsfonts/cm/cmsy10.pfb></home/matjaz/latex/texmf-dist/fonts/type1/public/amsfonts/cm/cmsy6.pfb></home/matjaz/latex/texmf-dist/fonts/type1/public/amsfonts/cm/cmsy8.pfb></home/matjaz/latex/texmf-dist/fonts/type1/public/amsfonts/cm/cmti10.pfb></home/matjaz/latex/texmf-dist/fonts/type1/public/amsfonts/cm/cmti12.pfb></home/matjaz/latex/texmf-dist/fonts/type1/public/amsfonts/cm/cmti8.pfb></home/matjaz/latex/texmf-dist/fonts/type1/public/amsfonts/cm/cmtt10.pfb></home/matjaz/latex/texmf-dist/fonts/type1/public/amsfonts/cm/cmtt12.pfb></home/matjaz/latex/texmf-dist/fonts/type1/public/cm-super/sfrm1200.pfb>
Output written on diploma-FRI-vzorec.pdf (60 pages, 1380122 bytes).
PDF statistics:
 593 PDF objects out of 1000 (max. 8388607)
 453 compressed objects within 5 object streams
 120 named destinations out of 1000 (max. 500000)
 221 words of extra memory for PDF output out of 10000 (max. 10000000)

