\BOOKMARK [0][-]{chapter*.2}{\376\377\000P\000o\000v\000z\000e\000t\000e\000k}{}% 1
\BOOKMARK [0][-]{chapter*.3}{\376\377\000A\000b\000s\000t\000r\000a\000c\000t}{}% 2
\BOOKMARK [0][-]{chapter.1}{\376\377\000U\000v\000o\000d}{}% 3
\BOOKMARK [1][-]{section.1.1}{\376\377\000M\000o\000t\000i\000v\000a\000c\000i\000j\000a}{chapter.1}% 4
\BOOKMARK [1][-]{section.1.2}{\376\377\000C\000i\000l\000j\000i}{chapter.1}% 5
\BOOKMARK [0][-]{chapter.2}{\376\377\000P\000r\000e\000g\000l\000e\000d\000\040\000p\000o\000d\000r\000o\001\015\000j\000a\000\040\000i\000n\000\040\000s\000o\000r\000o\000d\000n\000i\000h\000\040\000d\000e\000l}{}% 6
\BOOKMARK [0][-]{chapter.3}{\376\377\000M\000e\000t\000o\000d\000o\000l\000o\000g\000i\000j\000a\000\040\000i\000n\000\040\000u\000p\000o\000r\000a\000b\000l\000j\000e\000n\000a\000\040\000o\000r\000o\000d\000j\000a}{}% 7
\BOOKMARK [0][-]{chapter.4}{\376\377\000M\000o\000d\000e\000l\000i\000r\000a\000n\000j\000e\000\040\000n\000e\000v\000r\000o\000n\000o\000v\000\040\000i\000n\000\040\000s\000i\000n\000a\000p\000s}{}% 8
\BOOKMARK [0][-]{chapter.5}{\376\377\000S\000i\000m\000u\000l\000a\000c\000i\000j\000a\000\040\000i\000n\000\040\000v\000i\000z\000u\000a\000l\000i\000z\000a\000c\000i\000j\000a\000\040\000i\000m\000p\000u\000l\000z\000n\000i\000h\000\040\000n\000e\000v\000r\000o\000n\000s\000k\000i\000h\000\040\000m\000r\000e\001\176}{}% 9
\BOOKMARK [0][-]{chapter.6}{\376\377\000S\000p\000o\000d\000b\000u\000j\000e\000v\000a\000n\000o\000\040\000u\001\015\000e\000n\000j\000e\000\040\000n\000a\000\040\000i\000m\000p\000u\000l\000z\000n\000i\000h\000\040\000n\000e\000v\000r\000o\000n\000s\000k\000i\000h\000\040\000m\000r\000e\001\176\000a\000h}{}% 10
\BOOKMARK [1][-]{section.6.1}{\376\377\000S\000i\000n\000a\000p\000t\000i\001\015\000n\000a\000\040\000p\000l\000a\000s\000t\000i\001\015\000n\000o\000s\000t\000\040\000o\000d\000v\000i\000s\000n\000a\000\040\000o\000d\000\040\000n\000a\000g\000r\000a\000j\000e\000v\000a\000n\000j\000a\000\040\000i\000n\000\040\001\015\000a\000s\000o\000v\000n\000e\000\040\000r\000a\000z\000p\000o\000r\000e\000d\000i\000t\000v\000e\000\040\000i\000m\000p\000u\000l\000z\000o\000v}{chapter.6}% 11
\BOOKMARK [1][-]{section.6.2}{\376\377\000P\000r\000o\000b\000l\000e\000m\000\040\000o\000d\000d\000a\000l\000j\000e\000n\000e\000\040\000n\000a\000g\000r\000a\000d\000e}{chapter.6}% 12
\BOOKMARK [1][-]{section.6.3}{\376\377\000P\000r\000i\000p\000i\000s\000o\000v\000a\000n\000j\000e\000\040\000o\000d\000g\000o\000v\000o\000r\000n\000o\000s\000t\000i}{chapter.6}% 13
\BOOKMARK [1][-]{section.6.4}{\376\377\000T\000D\000\040\000\050\000a\000n\000g\000l\000.\000\040\000T\000e\000m\000p\000o\000r\000a\000l\000\040\000D\000i\000f\000f\000e\000r\000e\000n\000c\000e\000\051\000\040\000u\001\015\000e\000n\000j\000e}{chapter.6}% 14
\BOOKMARK [0][-]{chapter.7}{\376\377\000N\000e\000v\000r\000o\000n\000s\000k\000a\000\040\000v\000e\000z\000j\000a}{}% 15
\BOOKMARK [0][-]{chapter.8}{\376\377\000I\000g\000r\000a\000n\000j\000e\000\040\000i\000g\000r\000e\000\040\000P\000o\000n\000g}{}% 16
\BOOKMARK [0][-]{chapter.9}{\376\377\000R\000e\000z\000u\000l\000t\000a\000t\000i}{}% 17
\BOOKMARK [0][-]{chapter.10}{\376\377\000Z\000a\000k\000l\000j\000u\001\015\000e\000k}{}% 18
\BOOKMARK [0][-]{chapter*.5}{\376\377\001\014\000l\000a\000n\000k\000i\000\040\000v\000\040\000r\000e\000v\000i\000j\000a\000h}{}% 19
\BOOKMARK [0][-]{chapter*.6}{\376\377\000C\000e\000l\000o\000t\000n\000a\000\040\000l\000i\000t\000e\000r\000a\000t\000u\000r\000a}{}% 20
